{
  "stats": {
    "suites": 1,
    "tests": 3,
    "passes": 3,
    "pending": 0,
    "failures": 0,
    "start": "2024-03-25T04:38:08.472Z",
    "end": "2024-03-25T04:38:29.141Z",
    "duration": 20669,
    "testsRegistered": 3,
    "passPercent": 100,
    "pendingPercent": 0,
    "other": 0,
    "hasOther": false,
    "skipped": 0,
    "hasSkipped": false
  },
  "results": [
    {
      "uuid": "93c7ded5-8920-452d-929c-8bdb9d620402",
      "title": "",
      "fullFile": "cypress\\e2e\\login.cy.js",
      "file": "cypress\\e2e\\login.cy.js",
      "beforeHooks": [],
      "afterHooks": [],
      "tests": [],
      "suites": [
        {
          "uuid": "561a30c2-db65-4c95-81ef-2e4a66c38cb2",
          "title": "Login Feature",
          "fullFile": "",
          "file": "",
          "beforeHooks": [],
          "afterHooks": [],
          "tests": [
            {
              "title": "Verify login with valid data",
              "fullTitle": "Login Feature Verify login with valid data",
              "timedOut": null,
              "duration": 9871,
              "state": "passed",
              "speed": "medium",
              "pass": true,
              "fail": false,
              "pending": false,
              "context": null,
              "code": "this.login.loginWith(this.testData.validEmail, this.testData.validPassword + '{enter}');\nthis.home.getLogoutBtn().should('have.text', ' Logout').should('be.visible');",
              "err": {},
              "uuid": "2b0004e6-3e20-4c52-b9ea-af0ad472d297",
              "parentUUID": "561a30c2-db65-4c95-81ef-2e4a66c38cb2",
              "isHook": false,
              "skipped": false
            },
            {
              "title": "Verify login with wrong password",
              "fullTitle": "Login Feature Verify login with wrong password",
              "timedOut": null,
              "duration": 5347,
              "state": "passed",
              "speed": "medium",
              "pass": true,
              "fail": false,
              "pending": false,
              "context": null,
              "code": "this.login.loginWith(this.testData.validEmail, this.testData.invalidPassword + '{enter}');\nthis.login.getErrorMsg().should('have.text', 'Your email or password is incorrect!');",
              "err": {},
              "uuid": "da09a500-7e4b-43f5-9e10-cc8b9b381069",
              "parentUUID": "561a30c2-db65-4c95-81ef-2e4a66c38cb2",
              "isHook": false,
              "skipped": false
            },
            {
              "title": "Verify login with wrong email",
              "fullTitle": "Login Feature Verify login with wrong email",
              "timedOut": null,
              "duration": 5276,
              "state": "passed",
              "speed": "medium",
              "pass": true,
              "fail": false,
              "pending": false,
              "context": null,
              "code": "this.login.loginWith(this.testData.wrongEmail, this.testData.validPassword + '{enter}');\nthis.login.getErrorMsg().should('have.text', 'Your email or password is incorrect!');",
              "err": {},
              "uuid": "18a8dfaf-5823-4a17-8d70-b3592275fa90",
              "parentUUID": "561a30c2-db65-4c95-81ef-2e4a66c38cb2",
              "isHook": false,
              "skipped": false
            }
          ],
          "suites": [],
          "passes": [
            "2b0004e6-3e20-4c52-b9ea-af0ad472d297",
            "da09a500-7e4b-43f5-9e10-cc8b9b381069",
            "18a8dfaf-5823-4a17-8d70-b3592275fa90"
          ],
          "failures": [],
          "pending": [],
          "skipped": [],
          "duration": 20494,
          "root": false,
          "rootEmpty": false,
          "_timeout": 2000
        }
      ],
      "passes": [],
      "failures": [],
      "pending": [],
      "skipped": [],
      "duration": 0,
      "root": true,
      "rootEmpty": true,
      "_timeout": 2000
    }
  ],
  "meta": {
    "mocha": {
      "version": "7.0.1"
    },
    "mochawesome": {
      "options": {
        "quiet": false,
        "reportFilename": "mochawesome",
        "saveHtml": true,
        "saveJson": true,
        "consoleReporter": "spec",
        "useInlineDiffs": false,
        "code": true
      },
      "version": "7.1.3"
    },
    "marge": {
      "options": {
        "reportDir": "cypress/results",
        "overwrite": false,
        "html": true,
        "json": true
      },
      "version": "6.2.0"
    }
  }
}