{
  "stats": {
    "suites": 1,
    "tests": 2,
    "passes": 2,
    "pending": 0,
    "failures": 0,
    "start": "2024-03-25T04:38:31.419Z",
    "end": "2024-03-25T04:38:48.391Z",
    "duration": 16972,
    "testsRegistered": 2,
    "passPercent": 100,
    "pendingPercent": 0,
    "other": 0,
    "hasOther": false,
    "skipped": 0,
    "hasSkipped": false
  },
  "results": [
    {
      "uuid": "19e0f386-b450-4783-9062-65f7a473d5c2",
      "title": "",
      "fullFile": "cypress\\e2e\\product.cy.js",
      "file": "cypress\\e2e\\product.cy.js",
      "beforeHooks": [],
      "afterHooks": [],
      "tests": [],
      "suites": [
        {
          "uuid": "757115bc-4e08-4666-9c44-f30060d2798f",
          "title": "Filter Products by Catagoery",
          "fullFile": "",
          "file": "",
          "beforeHooks": [],
          "afterHooks": [],
          "tests": [
            {
              "title": "Verify Filter Products on Women Catagoery",
              "fullTitle": "Filter Products by Catagoery Verify Filter Products on Women Catagoery",
              "timedOut": null,
              "duration": 9581,
              "state": "passed",
              "speed": "medium",
              "pass": true,
              "fail": false,
              "pending": false,
              "context": null,
              "code": "this.home.getMainCatagoeryBtn().contains(this.testData.mainCatagoery[0]).click();\nthis.home.getSubCatagoeryBtn().contains(this.testData.subCatagoery[0]).click();\nthis.product.getProductTitle().contains(this.testData.subCatagoery[0]);\ncy.verifyProductsCatagoery(this.testData.subCatagoery[0]);",
              "err": {},
              "uuid": "82011eb2-9be0-422a-8985-98058d68bd73",
              "parentUUID": "757115bc-4e08-4666-9c44-f30060d2798f",
              "isHook": false,
              "skipped": false
            },
            {
              "title": "Verify Filter Products on Men Catagoery",
              "fullTitle": "Filter Products by Catagoery Verify Filter Products on Men Catagoery",
              "timedOut": null,
              "duration": 7285,
              "state": "passed",
              "speed": "medium",
              "pass": true,
              "fail": false,
              "pending": false,
              "context": null,
              "code": "this.home.getMainCatagoeryBtn().contains(this.testData.mainCatagoery[1]).click();\nthis.home.getSubCatagoeryBtn().contains(this.testData.subCatagoery[1]).click();\nthis.product.getProductTitle().contains(this.testData.subCatagoery[1]);\ncy.verifyProductsCatagoery(this.testData.subCatagoery[1]);",
              "err": {},
              "uuid": "1943522d-7de9-4624-bf82-6a46a2c5ede5",
              "parentUUID": "757115bc-4e08-4666-9c44-f30060d2798f",
              "isHook": false,
              "skipped": false
            }
          ],
          "suites": [],
          "passes": [
            "82011eb2-9be0-422a-8985-98058d68bd73",
            "1943522d-7de9-4624-bf82-6a46a2c5ede5"
          ],
          "failures": [],
          "pending": [],
          "skipped": [],
          "duration": 16866,
          "root": false,
          "rootEmpty": false,
          "_timeout": 2000
        }
      ],
      "passes": [],
      "failures": [],
      "pending": [],
      "skipped": [],
      "duration": 0,
      "root": true,
      "rootEmpty": true,
      "_timeout": 2000
    }
  ],
  "meta": {
    "mocha": {
      "version": "7.0.1"
    },
    "mochawesome": {
      "options": {
        "quiet": false,
        "reportFilename": "mochawesome",
        "saveHtml": true,
        "saveJson": true,
        "consoleReporter": "spec",
        "useInlineDiffs": false,
        "code": true
      },
      "version": "7.1.3"
    },
    "marge": {
      "options": {
        "reportDir": "cypress/results",
        "overwrite": false,
        "html": true,
        "json": true
      },
      "version": "6.2.0"
    }
  }
}