{
  "stats": {
    "suites": 1,
    "tests": 2,
    "passes": 2,
    "pending": 0,
    "failures": 0,
    "start": "2024-03-25T04:01:10.064Z",
    "end": "2024-03-25T04:01:34.190Z",
    "duration": 24126,
    "testsRegistered": 2,
    "passPercent": 100,
    "pendingPercent": 0,
    "other": 0,
    "hasOther": false,
    "skipped": 0,
    "hasSkipped": false
  },
  "results": [
    {
      "uuid": "3d179d44-96e3-419a-8e64-aac54ac81ad6",
      "title": "",
      "fullFile": "cypress\\e2e\\product.cy.js",
      "file": "cypress\\e2e\\product.cy.js",
      "beforeHooks": [],
      "afterHooks": [],
      "tests": [],
      "suites": [
        {
          "uuid": "cd3b9e35-2d95-483f-874b-1f6ed999cce7",
          "title": "Filter Products by Catagoery",
          "fullFile": "",
          "file": "",
          "beforeHooks": [],
          "afterHooks": [],
          "tests": [
            {
              "title": "Verify Filter Products on Women Catagoery",
              "fullTitle": "Filter Products by Catagoery Verify Filter Products on Women Catagoery",
              "timedOut": null,
              "duration": 13191,
              "state": "passed",
              "speed": "slow",
              "pass": true,
              "fail": false,
              "pending": false,
              "context": null,
              "code": "this.home.getMainCatagoeryBtn().contains(this.testData.mainCatagoery[0]).click();\nthis.home.getSubCatagoeryBtn().contains(this.testData.subCatagoery[0]).click();\nthis.product.getProductTitle().contains(this.testData.subCatagoery[0]);\ncy.verifyProductsCatagoery(this.testData.subCatagoery[0]);",
              "err": {},
              "uuid": "9915349d-ab79-4742-a70d-2accf42f9a56",
              "parentUUID": "cd3b9e35-2d95-483f-874b-1f6ed999cce7",
              "isHook": false,
              "skipped": false
            },
            {
              "title": "Verify Filter Products on Men Catagoery",
              "fullTitle": "Filter Products by Catagoery Verify Filter Products on Men Catagoery",
              "timedOut": null,
              "duration": 10572,
              "state": "passed",
              "speed": "slow",
              "pass": true,
              "fail": false,
              "pending": false,
              "context": null,
              "code": "this.home.getMainCatagoeryBtn().contains(this.testData.mainCatagoery[1]).click();\nthis.home.getSubCatagoeryBtn().contains(this.testData.subCatagoery[1]).click();\nthis.product.getProductTitle().contains(this.testData.subCatagoery[1]);\ncy.verifyProductsCatagoery(this.testData.subCatagoery[1]);",
              "err": {},
              "uuid": "3e3c3f06-c814-416a-8b98-a3b711371df7",
              "parentUUID": "cd3b9e35-2d95-483f-874b-1f6ed999cce7",
              "isHook": false,
              "skipped": false
            }
          ],
          "suites": [],
          "passes": [
            "9915349d-ab79-4742-a70d-2accf42f9a56",
            "3e3c3f06-c814-416a-8b98-a3b711371df7"
          ],
          "failures": [],
          "pending": [],
          "skipped": [],
          "duration": 23763,
          "root": false,
          "rootEmpty": false,
          "_timeout": 2000
        }
      ],
      "passes": [],
      "failures": [],
      "pending": [],
      "skipped": [],
      "duration": 0,
      "root": true,
      "rootEmpty": true,
      "_timeout": 2000
    }
  ],
  "meta": {
    "mocha": {
      "version": "7.0.1"
    },
    "mochawesome": {
      "options": {
        "quiet": false,
        "reportFilename": "mochawesome",
        "saveHtml": true,
        "saveJson": true,
        "consoleReporter": "spec",
        "useInlineDiffs": false,
        "code": true
      },
      "version": "7.1.3"
    },
    "marge": {
      "options": {
        "reportDir": "'cypress/results'",
        "overwrite": false,
        "html": true,
        "json": true
      },
      "version": "6.2.0"
    }
  }
}