{
  "stats": {
    "suites": 1,
    "tests": 3,
    "passes": 3,
    "pending": 0,
    "failures": 0,
    "start": "2024-03-25T04:14:22.904Z",
    "end": "2024-03-25T04:14:46.246Z",
    "duration": 23342,
    "testsRegistered": 3,
    "passPercent": 100,
    "pendingPercent": 0,
    "other": 0,
    "hasOther": false,
    "skipped": 0,
    "hasSkipped": false
  },
  "results": [
    {
      "uuid": "d66dd049-4372-4209-9f3d-9789a38a096c",
      "title": "",
      "fullFile": "cypress\\e2e\\login.cy.js",
      "file": "cypress\\e2e\\login.cy.js",
      "beforeHooks": [],
      "afterHooks": [],
      "tests": [],
      "suites": [
        {
          "uuid": "4587b7d2-6dc4-4ea4-8306-bc95385f6c53",
          "title": "Login Feature",
          "fullFile": "",
          "file": "",
          "beforeHooks": [],
          "afterHooks": [],
          "tests": [
            {
              "title": "Verify login with valid data",
              "fullTitle": "Login Feature Verify login with valid data",
              "timedOut": null,
              "duration": 9367,
              "state": "passed",
              "speed": "medium",
              "pass": true,
              "fail": false,
              "pending": false,
              "context": null,
              "code": "this.login.loginWith(this.testData.validEmail, this.testData.validPassword + '{enter}');\nthis.home.getLogoutBtn().should('have.text', ' Logout').should('be.visible');",
              "err": {},
              "uuid": "784bed5f-d1ef-43e3-beab-869df1995bb1",
              "parentUUID": "4587b7d2-6dc4-4ea4-8306-bc95385f6c53",
              "isHook": false,
              "skipped": false
            },
            {
              "title": "Verify login with wrong password",
              "fullTitle": "Login Feature Verify login with wrong password",
              "timedOut": null,
              "duration": 6447,
              "state": "passed",
              "speed": "medium",
              "pass": true,
              "fail": false,
              "pending": false,
              "context": null,
              "code": "this.login.loginWith(this.testData.validEmail, this.testData.invalidPassword + '{enter}');\nthis.login.getErrorMsg().should('have.text', 'Your email or password is incorrect!');",
              "err": {},
              "uuid": "da747007-d6c6-40c2-bf32-9c47a61d1be7",
              "parentUUID": "4587b7d2-6dc4-4ea4-8306-bc95385f6c53",
              "isHook": false,
              "skipped": false
            },
            {
              "title": "Verify login with wrong email",
              "fullTitle": "Login Feature Verify login with wrong email",
              "timedOut": null,
              "duration": 7273,
              "state": "passed",
              "speed": "medium",
              "pass": true,
              "fail": false,
              "pending": false,
              "context": null,
              "code": "this.login.loginWith(this.testData.wrongEmail, this.testData.validPassword + '{enter}');\nthis.login.getErrorMsg().should('have.text', 'Your email or password is incorrect!');",
              "err": {},
              "uuid": "0eb7bc4f-7794-4b76-95ab-ff11ea74463d",
              "parentUUID": "4587b7d2-6dc4-4ea4-8306-bc95385f6c53",
              "isHook": false,
              "skipped": false
            }
          ],
          "suites": [],
          "passes": [
            "784bed5f-d1ef-43e3-beab-869df1995bb1",
            "da747007-d6c6-40c2-bf32-9c47a61d1be7",
            "0eb7bc4f-7794-4b76-95ab-ff11ea74463d"
          ],
          "failures": [],
          "pending": [],
          "skipped": [],
          "duration": 23087,
          "root": false,
          "rootEmpty": false,
          "_timeout": 2000
        }
      ],
      "passes": [],
      "failures": [],
      "pending": [],
      "skipped": [],
      "duration": 0,
      "root": true,
      "rootEmpty": true,
      "_timeout": 2000
    }
  ],
  "meta": {
    "mocha": {
      "version": "7.0.1"
    },
    "mochawesome": {
      "options": {
        "quiet": false,
        "reportFilename": "mochawesome",
        "saveHtml": true,
        "saveJson": true,
        "consoleReporter": "spec",
        "useInlineDiffs": false,
        "code": true
      },
      "version": "7.1.3"
    },
    "marge": {
      "options": {
        "reportDir": "'cypress/results'",
        "overwrite": false,
        "html": true,
        "json": true
      },
      "version": "6.2.0"
    }
  }
}